<?xml version="1.0" encoding="UTF-8"?>
<coverage line-rate="0.763757115749526" branch-rate="0" lines-covered="805" lines-valid="1054" branches-covered="0" branches-valid="0" complexity="0" version="3.6.1" timestamp="2022-10-17 10:16:21">
  <sources/>
  <packages>
    <package name="psborrow2" line-rate="0.763757115749526" branch-rate="0" complexity="0">
      <classes>
        <class name="add_covariates.R" filename="R/add_covariates.R" line-rate="1" branch-rate="0" complexity="0">
          <methods>
            <method name="add_covariates" signature="" line-rate="1" branch-rate="0">
              <lines>
                <line number="27" hits="49" branch="false"/>
                <line number="28" hits="1" branch="false"/>
                <line number="29" hits="1" branch="false"/>
                <line number="30" hits="1" branch="false"/>
                <line number="31" hits="1" branch="false"/>
                <line number="33" hits="48" branch="false"/>
                <line number="35" hits="47" branch="false"/>
                <line number="36" hits="47" branch="false"/>
                <line number="37" hits="47" branch="false"/>
                <line number="38" hits="47" branch="false"/>
              </lines>
            </method>
          </methods>
          <lines>
            <line number="27" hits="49" branch="false"/>
            <line number="28" hits="1" branch="false"/>
            <line number="29" hits="1" branch="false"/>
            <line number="30" hits="1" branch="false"/>
            <line number="31" hits="1" branch="false"/>
            <line number="33" hits="48" branch="false"/>
            <line number="35" hits="47" branch="false"/>
            <line number="36" hits="47" branch="false"/>
            <line number="37" hits="47" branch="false"/>
            <line number="38" hits="47" branch="false"/>
          </lines>
        </class>
        <class name="analysis_class.R" filename="R/analysis_class.R" line-rate="0.902439024390244" branch-rate="0" complexity="0">
          <methods>
            <method name="Analysis" signature="" line-rate="0.65625" branch-rate="0">
              <lines>
                <line number="55" hits="3" branch="false"/>
                <line number="57" hits="3" branch="false"/>
                <line number="58" hits="3" branch="false"/>
                <line number="59" hits="3" branch="false"/>
                <line number="61" hits="3" branch="false"/>
                <line number="62" hits="3" branch="false"/>
                <line number="64" hits="3" branch="false"/>
                <line number="66" hits="3" branch="false"/>
                <line number="67" hits="1" branch="false"/>
                <line number="69" hits="3" branch="false"/>
                <line number="70" hits="3" branch="false"/>
                <line number="71" hits="3" branch="false"/>
                <line number="72" hits="3" branch="false"/>
                <line number="73" hits="3" branch="false"/>
                <line number="74" hits="3" branch="false"/>
                <line number="75" hits="3" branch="false"/>
                <line number="76" hits="3" branch="false"/>
                <line number="77" hits="3" branch="false"/>
                <line number="78" hits="3" branch="false"/>
                <line number="79" hits="3" branch="false"/>
                <line number="80" hits="3" branch="false"/>
                <line number="81" hits="3" branch="false"/>
                <line number="82" hits="3" branch="false"/>
                <line number="83" hits="3" branch="false"/>
                <line number="84" hits="3" branch="false"/>
                <line number="85" hits="3" branch="false"/>
                <line number="86" hits="3" branch="false"/>
                <line number="87" hits="3" branch="false"/>
                <line number="89" hits="3" branch="false"/>
                <line number="90" hits="0" branch="false"/>
                <line number="91" hits="0" branch="false"/>
                <line number="92" hits="0" branch="false"/>
                <line number="93" hits="0" branch="false"/>
                <line number="95" hits="3" branch="false"/>
                <line number="107" hits="13" branch="false"/>
                <line number="108" hits="13" branch="false"/>
                <line number="109" hits="13" branch="false"/>
                <line number="110" hits="13" branch="false"/>
                <line number="111" hits="13" branch="false"/>
                <line number="112" hits="13" branch="false"/>
                <line number="65" hits="1" branch="false"/>
                <line number="66" hits="1" branch="false"/>
                <line number="67" hits="1" branch="false"/>
                <line number="68" hits="1" branch="false"/>
                <line number="69" hits="1" branch="false"/>
                <line number="71" hits="1" branch="false"/>
                <line number="73" hits="0" branch="false"/>
                <line number="74" hits="0" branch="false"/>
                <line number="75" hits="0" branch="false"/>
                <line number="76" hits="0" branch="false"/>
                <line number="77" hits="0" branch="false"/>
                <line number="78" hits="0" branch="false"/>
                <line number="79" hits="0" branch="false"/>
                <line number="80" hits="0" branch="false"/>
                <line number="82" hits="0" branch="false"/>
                <line number="83" hits="0" branch="false"/>
                <line number="84" hits="0" branch="false"/>
                <line number="85" hits="0" branch="false"/>
                <line number="86" hits="0" branch="false"/>
                <line number="87" hits="0" branch="false"/>
                <line number="88" hits="0" branch="false"/>
                <line number="89" hits="0" branch="false"/>
                <line number="90" hits="0" branch="false"/>
                <line number="91" hits="0" branch="false"/>
              </lines>
            </method>
            <method name="NULL" signature="" line-rate="1" branch-rate="0">
              <lines>
                <line number="123" hits="115" branch="false"/>
              </lines>
            </method>
          </methods>
          <lines>
            <line number="55" hits="3" branch="false"/>
            <line number="57" hits="3" branch="false"/>
            <line number="58" hits="3" branch="false"/>
            <line number="59" hits="3" branch="false"/>
            <line number="61" hits="3" branch="false"/>
            <line number="62" hits="3" branch="false"/>
            <line number="64" hits="3" branch="false"/>
            <line number="66" hits="3" branch="false"/>
            <line number="67" hits="1" branch="false"/>
            <line number="69" hits="3" branch="false"/>
            <line number="70" hits="3" branch="false"/>
            <line number="71" hits="3" branch="false"/>
            <line number="72" hits="3" branch="false"/>
            <line number="73" hits="3" branch="false"/>
            <line number="74" hits="3" branch="false"/>
            <line number="75" hits="3" branch="false"/>
            <line number="76" hits="3" branch="false"/>
            <line number="77" hits="3" branch="false"/>
            <line number="78" hits="3" branch="false"/>
            <line number="79" hits="3" branch="false"/>
            <line number="80" hits="3" branch="false"/>
            <line number="81" hits="3" branch="false"/>
            <line number="82" hits="3" branch="false"/>
            <line number="83" hits="3" branch="false"/>
            <line number="84" hits="3" branch="false"/>
            <line number="85" hits="3" branch="false"/>
            <line number="86" hits="3" branch="false"/>
            <line number="87" hits="3" branch="false"/>
            <line number="89" hits="3" branch="false"/>
            <line number="90" hits="0" branch="false"/>
            <line number="91" hits="0" branch="false"/>
            <line number="92" hits="0" branch="false"/>
            <line number="93" hits="0" branch="false"/>
            <line number="95" hits="3" branch="false"/>
            <line number="107" hits="13" branch="false"/>
            <line number="108" hits="13" branch="false"/>
            <line number="109" hits="13" branch="false"/>
            <line number="110" hits="13" branch="false"/>
            <line number="111" hits="13" branch="false"/>
            <line number="112" hits="13" branch="false"/>
            <line number="123" hits="115" branch="false"/>
          </lines>
        </class>
        <class name="bernoulli_prior.R" filename="R/bernoulli_prior.R" line-rate="1" branch-rate="0" complexity="0">
          <methods>
            <method name="bernoulli_prior" signature="" line-rate="1" branch-rate="0">
              <lines>
                <line number="46" hits="4" branch="false"/>
              </lines>
            </method>
            <method name="BernoulliPrior" signature="" line-rate="1" branch-rate="0">
              <lines>
                <line number="54" hits="1" branch="false"/>
                <line number="55" hits="1" branch="false"/>
                <line number="56" hits="1" branch="false"/>
                <line number="57" hits="1" branch="false"/>
                <line number="58" hits="1" branch="false"/>
                <line number="59" hits="1" branch="false"/>
                <line number="60" hits="1" branch="false"/>
                <line number="61" hits="1" branch="false"/>
                <line number="62" hits="1" branch="false"/>
                <line number="63" hits="1" branch="false"/>
                <line number="64" hits="1" branch="false"/>
              </lines>
            </method>
            <method name="BernoulliPrior#missing" signature="" line-rate="1" branch-rate="0">
              <lines>
                <line number="75" hits="1" branch="false"/>
                <line number="76" hits="1" branch="false"/>
                <line number="77" hits="1" branch="false"/>
                <line number="78" hits="1" branch="false"/>
              </lines>
            </method>
          </methods>
          <lines>
            <line number="46" hits="4" branch="false"/>
            <line number="54" hits="1" branch="false"/>
            <line number="55" hits="1" branch="false"/>
            <line number="56" hits="1" branch="false"/>
            <line number="57" hits="1" branch="false"/>
            <line number="58" hits="1" branch="false"/>
            <line number="59" hits="1" branch="false"/>
            <line number="60" hits="1" branch="false"/>
            <line number="61" hits="1" branch="false"/>
            <line number="62" hits="1" branch="false"/>
            <line number="63" hits="1" branch="false"/>
            <line number="64" hits="1" branch="false"/>
            <line number="75" hits="1" branch="false"/>
            <line number="76" hits="1" branch="false"/>
            <line number="77" hits="1" branch="false"/>
            <line number="78" hits="1" branch="false"/>
          </lines>
        </class>
        <class name="beta_prior.R" filename="R/beta_prior.R" line-rate="1" branch-rate="0" complexity="0">
          <methods>
            <method name="beta_prior" signature="" line-rate="1" branch-rate="0">
              <lines>
                <line number="51" hits="5" branch="false"/>
              </lines>
            </method>
            <method name="BetaPrior" signature="" line-rate="1" branch-rate="0">
              <lines>
                <line number="59" hits="1" branch="false"/>
                <line number="60" hits="1" branch="false"/>
                <line number="61" hits="1" branch="false"/>
                <line number="62" hits="1" branch="false"/>
                <line number="63" hits="1" branch="false"/>
                <line number="64" hits="1" branch="false"/>
                <line number="65" hits="1" branch="false"/>
                <line number="66" hits="1" branch="false"/>
                <line number="67" hits="1" branch="false"/>
                <line number="68" hits="1" branch="false"/>
                <line number="69" hits="1" branch="false"/>
              </lines>
            </method>
            <method name="BetaPrior#missing" signature="" line-rate="1" branch-rate="0">
              <lines>
                <line number="81" hits="1" branch="false"/>
                <line number="82" hits="1" branch="false"/>
                <line number="83" hits="1" branch="false"/>
                <line number="84" hits="1" branch="false"/>
              </lines>
            </method>
          </methods>
          <lines>
            <line number="51" hits="5" branch="false"/>
            <line number="59" hits="1" branch="false"/>
            <line number="60" hits="1" branch="false"/>
            <line number="61" hits="1" branch="false"/>
            <line number="62" hits="1" branch="false"/>
            <line number="63" hits="1" branch="false"/>
            <line number="64" hits="1" branch="false"/>
            <line number="65" hits="1" branch="false"/>
            <line number="66" hits="1" branch="false"/>
            <line number="67" hits="1" branch="false"/>
            <line number="68" hits="1" branch="false"/>
            <line number="69" hits="1" branch="false"/>
            <line number="81" hits="1" branch="false"/>
            <line number="82" hits="1" branch="false"/>
            <line number="83" hits="1" branch="false"/>
            <line number="84" hits="1" branch="false"/>
          </lines>
        </class>
        <class name="borrowing_class.R" filename="R/borrowing_class.R" line-rate="0.166666666666667" branch-rate="0" complexity="0">
          <methods>
            <method name="Borrowing" signature="" line-rate="0.166666666666667" branch-rate="0">
              <lines>
                <line number="46" hits="0" branch="false"/>
                <line number="47" hits="0" branch="false"/>
                <line number="48" hits="0" branch="false"/>
                <line number="49" hits="0" branch="false"/>
                <line number="50" hits="0" branch="false"/>
                <line number="62" hits="262" branch="false"/>
              </lines>
            </method>
          </methods>
          <lines>
            <line number="46" hits="0" branch="false"/>
            <line number="47" hits="0" branch="false"/>
            <line number="48" hits="0" branch="false"/>
            <line number="49" hits="0" branch="false"/>
            <line number="50" hits="0" branch="false"/>
            <line number="62" hits="262" branch="false"/>
          </lines>
        </class>
        <class name="borrowing_details.R" filename="R/borrowing_details.R" line-rate="0.909090909090909" branch-rate="0" complexity="0">
          <methods>
            <method name="borrowing_details" signature="" line-rate="0.909090909090909" branch-rate="0">
              <lines>
                <line number="84" hits="74" branch="false"/>
                <line number="85" hits="73" branch="false"/>
                <line number="87" hits="71" branch="false"/>
                <line number="88" hits="0" branch="false"/>
                <line number="89" hits="39" branch="false"/>
                <line number="90" hits="2" branch="false"/>
                <line number="93" hits="69" branch="false"/>
                <line number="94" hits="69" branch="false"/>
                <line number="95" hits="69" branch="false"/>
                <line number="96" hits="69" branch="false"/>
                <line number="97" hits="69" branch="false"/>
              </lines>
            </method>
          </methods>
          <lines>
            <line number="84" hits="74" branch="false"/>
            <line number="85" hits="73" branch="false"/>
            <line number="87" hits="71" branch="false"/>
            <line number="88" hits="0" branch="false"/>
            <line number="89" hits="39" branch="false"/>
            <line number="90" hits="2" branch="false"/>
            <line number="93" hits="69" branch="false"/>
            <line number="94" hits="69" branch="false"/>
            <line number="95" hits="69" branch="false"/>
            <line number="96" hits="69" branch="false"/>
            <line number="97" hits="69" branch="false"/>
          </lines>
        </class>
        <class name="cauchy_prior.R" filename="R/cauchy_prior.R" line-rate="0.9375" branch-rate="0" complexity="0">
          <methods>
            <method name="cauchy_prior" signature="" line-rate="1" branch-rate="0">
              <lines>
                <line number="51" hits="4" branch="false"/>
              </lines>
            </method>
            <method name="CauchyPrior" signature="" line-rate="0.909090909090909" branch-rate="0">
              <lines>
                <line number="59" hits="1" branch="false"/>
                <line number="60" hits="1" branch="false"/>
                <line number="61" hits="1" branch="false"/>
                <line number="62" hits="1" branch="false"/>
                <line number="63" hits="1" branch="false"/>
                <line number="64" hits="1" branch="false"/>
                <line number="65" hits="1" branch="false"/>
                <line number="66" hits="1" branch="false"/>
                <line number="67" hits="1" branch="false"/>
                <line number="68" hits="1" branch="false"/>
                <line number="69" hits="0" branch="false"/>
              </lines>
            </method>
            <method name="CauchyPrior#missing" signature="" line-rate="1" branch-rate="0">
              <lines>
                <line number="82" hits="1" branch="false"/>
                <line number="83" hits="1" branch="false"/>
                <line number="84" hits="1" branch="false"/>
                <line number="85" hits="1" branch="false"/>
              </lines>
            </method>
          </methods>
          <lines>
            <line number="51" hits="4" branch="false"/>
            <line number="59" hits="1" branch="false"/>
            <line number="60" hits="1" branch="false"/>
            <line number="61" hits="1" branch="false"/>
            <line number="62" hits="1" branch="false"/>
            <line number="63" hits="1" branch="false"/>
            <line number="64" hits="1" branch="false"/>
            <line number="65" hits="1" branch="false"/>
            <line number="66" hits="1" branch="false"/>
            <line number="67" hits="1" branch="false"/>
            <line number="68" hits="1" branch="false"/>
            <line number="69" hits="0" branch="false"/>
            <line number="82" hits="1" branch="false"/>
            <line number="83" hits="1" branch="false"/>
            <line number="84" hits="1" branch="false"/>
            <line number="85" hits="1" branch="false"/>
          </lines>
        </class>
        <class name="check_data_matrix_has_columns.R" filename="R/check_data_matrix_has_columns.R" line-rate="1" branch-rate="0" complexity="0">
          <methods>
            <method name="check_data_matrix_has_columns" signature="" line-rate="1" branch-rate="0">
              <lines>
                <line number="37" hits="199" branch="false"/>
                <line number="38" hits="199" branch="false"/>
                <line number="39" hits="199" branch="false"/>
                <line number="41" hits="199" branch="false"/>
                <line number="42" hits="2" branch="false"/>
                <line number="45" hits="199" branch="false"/>
                <line number="46" hits="1" branch="false"/>
                <line number="49" hits="199" branch="false"/>
                <line number="50" hits="2" branch="false"/>
                <line number="52" hits="199" branch="false"/>
                <line number="53" hits="3" branch="false"/>
                <line number="56" hits="199" branch="false"/>
                <line number="57" hits="8" branch="false"/>
                <line number="58" hits="8" branch="false"/>
                <line number="59" hits="8" branch="false"/>
                <line number="60" hits="8" branch="false"/>
              </lines>
            </method>
          </methods>
          <lines>
            <line number="37" hits="199" branch="false"/>
            <line number="38" hits="199" branch="false"/>
            <line number="39" hits="199" branch="false"/>
            <line number="41" hits="199" branch="false"/>
            <line number="42" hits="2" branch="false"/>
            <line number="45" hits="199" branch="false"/>
            <line number="46" hits="1" branch="false"/>
            <line number="49" hits="199" branch="false"/>
            <line number="50" hits="2" branch="false"/>
            <line number="52" hits="199" branch="false"/>
            <line number="53" hits="3" branch="false"/>
            <line number="56" hits="199" branch="false"/>
            <line number="57" hits="8" branch="false"/>
            <line number="58" hits="8" branch="false"/>
            <line number="59" hits="8" branch="false"/>
            <line number="60" hits="8" branch="false"/>
          </lines>
        </class>
        <class name="cmdstan.R" filename="R/cmdstan.R" line-rate="1" branch-rate="0" complexity="0">
          <methods>
            <method name="check_cmdstanr" signature="" line-rate="1" branch-rate="0">
              <lines>
                <line number="10" hits="1" branch="false"/>
                <line number="11" hits="1" branch="false"/>
                <line number="13" hits="1" branch="false"/>
                <line number="14" hits="1" branch="false"/>
                <line number="16" hits="1" branch="false"/>
                <line number="17" hits="1" branch="false"/>
              </lines>
            </method>
          </methods>
          <lines>
            <line number="10" hits="1" branch="false"/>
            <line number="11" hits="1" branch="false"/>
            <line number="13" hits="1" branch="false"/>
            <line number="14" hits="1" branch="false"/>
            <line number="16" hits="1" branch="false"/>
            <line number="17" hits="1" branch="false"/>
          </lines>
        </class>
        <class name="covariate_class.R" filename="R/covariate_class.R" line-rate="0.0909090909090909" branch-rate="0" complexity="0">
          <methods>
            <method name="Covariates" signature="" line-rate="0.0909090909090909" branch-rate="0">
              <lines>
                <line number="57" hits="0" branch="false"/>
                <line number="58" hits="0" branch="false"/>
                <line number="59" hits="0" branch="false"/>
                <line number="60" hits="0" branch="false"/>
                <line number="61" hits="0" branch="false"/>
                <line number="62" hits="0" branch="false"/>
                <line number="63" hits="0" branch="false"/>
                <line number="64" hits="0" branch="false"/>
                <line number="65" hits="0" branch="false"/>
                <line number="66" hits="0" branch="false"/>
                <line number="79" hits="130" branch="false"/>
              </lines>
            </method>
          </methods>
          <lines>
            <line number="57" hits="0" branch="false"/>
            <line number="58" hits="0" branch="false"/>
            <line number="59" hits="0" branch="false"/>
            <line number="60" hits="0" branch="false"/>
            <line number="61" hits="0" branch="false"/>
            <line number="62" hits="0" branch="false"/>
            <line number="63" hits="0" branch="false"/>
            <line number="64" hits="0" branch="false"/>
            <line number="65" hits="0" branch="false"/>
            <line number="66" hits="0" branch="false"/>
            <line number="79" hits="130" branch="false"/>
          </lines>
        </class>
        <class name="create_analysis_obj.R" filename="R/create_analysis_obj.R" line-rate="0.945454545454545" branch-rate="0" complexity="0">
          <methods>
            <method name="create_analysis_obj" signature="" line-rate="0.945454545454545" branch-rate="0">
              <lines>
                <line number="52" hits="201" branch="false"/>
                <line number="53" hits="200" branch="false"/>
                <line number="54" hits="199" branch="false"/>
                <line number="55" hits="198" branch="false"/>
                <line number="56" hits="197" branch="false"/>
                <line number="57" hits="196" branch="false"/>
                <line number="60" hits="196" branch="false"/>
                <line number="61" hits="1" branch="false"/>
                <line number="62" hits="1" branch="false"/>
                <line number="63" hits="1" branch="false"/>
                <line number="64" hits="1" branch="false"/>
                <line number="67" hits="195" branch="false"/>
                <line number="68" hits="195" branch="false"/>
                <line number="69" hits="195" branch="false"/>
                <line number="70" hits="195" branch="false"/>
                <line number="71" hits="195" branch="false"/>
                <line number="72" hits="195" branch="false"/>
                <line number="73" hits="195" branch="false"/>
                <line number="76" hits="195" branch="false"/>
                <line number="78" hits="190" branch="false"/>
                <line number="79" hits="3" branch="false"/>
                <line number="81" hits="3" branch="false"/>
                <line number="82" hits="3" branch="false"/>
                <line number="83" hits="3" branch="false"/>
                <line number="84" hits="3" branch="false"/>
                <line number="87" hits="3" branch="false"/>
                <line number="88" hits="0" branch="false"/>
                <line number="89" hits="0" branch="false"/>
                <line number="90" hits="0" branch="false"/>
                <line number="95" hits="190" branch="false"/>
                <line number="96" hits="190" branch="false"/>
                <line number="97" hits="190" branch="false"/>
                <line number="98" hits="190" branch="false"/>
                <line number="99" hits="190" branch="false"/>
                <line number="102" hits="190" branch="false"/>
                <line number="104" hits="190" branch="false"/>
                <line number="106" hits="190" branch="false"/>
                <line number="108" hits="190" branch="false"/>
                <line number="110" hits="190" branch="false"/>
                <line number="112" hits="190" branch="false"/>
                <line number="114" hits="190" branch="false"/>
                <line number="116" hits="190" branch="false"/>
                <line number="119" hits="190" branch="false"/>
                <line number="120" hits="190" branch="false"/>
                <line number="121" hits="3" branch="false"/>
                <line number="122" hits="187" branch="false"/>
                <line number="123" hits="187" branch="false"/>
                <line number="124" hits="187" branch="false"/>
                <line number="125" hits="187" branch="false"/>
                <line number="128" hits="190" branch="false"/>
                <line number="129" hits="3" branch="false"/>
                <line number="133" hits="190" branch="false"/>
                <line number="134" hits="190" branch="false"/>
                <line number="135" hits="3" branch="false"/>
                <line number="138" hits="190" branch="false"/>
              </lines>
            </method>
          </methods>
          <lines>
            <line number="52" hits="201" branch="false"/>
            <line number="53" hits="200" branch="false"/>
            <line number="54" hits="199" branch="false"/>
            <line number="55" hits="198" branch="false"/>
            <line number="56" hits="197" branch="false"/>
            <line number="57" hits="196" branch="false"/>
            <line number="60" hits="196" branch="false"/>
            <line number="61" hits="1" branch="false"/>
            <line number="62" hits="1" branch="false"/>
            <line number="63" hits="1" branch="false"/>
            <line number="64" hits="1" branch="false"/>
            <line number="67" hits="195" branch="false"/>
            <line number="68" hits="195" branch="false"/>
            <line number="69" hits="195" branch="false"/>
            <line number="70" hits="195" branch="false"/>
            <line number="71" hits="195" branch="false"/>
            <line number="72" hits="195" branch="false"/>
            <line number="73" hits="195" branch="false"/>
            <line number="76" hits="195" branch="false"/>
            <line number="78" hits="190" branch="false"/>
            <line number="79" hits="3" branch="false"/>
            <line number="81" hits="3" branch="false"/>
            <line number="82" hits="3" branch="false"/>
            <line number="83" hits="3" branch="false"/>
            <line number="84" hits="3" branch="false"/>
            <line number="87" hits="3" branch="false"/>
            <line number="88" hits="0" branch="false"/>
            <line number="89" hits="0" branch="false"/>
            <line number="90" hits="0" branch="false"/>
            <line number="95" hits="190" branch="false"/>
            <line number="96" hits="190" branch="false"/>
            <line number="97" hits="190" branch="false"/>
            <line number="98" hits="190" branch="false"/>
            <line number="99" hits="190" branch="false"/>
            <line number="102" hits="190" branch="false"/>
            <line number="104" hits="190" branch="false"/>
            <line number="106" hits="190" branch="false"/>
            <line number="108" hits="190" branch="false"/>
            <line number="110" hits="190" branch="false"/>
            <line number="112" hits="190" branch="false"/>
            <line number="114" hits="190" branch="false"/>
            <line number="116" hits="190" branch="false"/>
            <line number="119" hits="190" branch="false"/>
            <line number="120" hits="190" branch="false"/>
            <line number="121" hits="3" branch="false"/>
            <line number="122" hits="187" branch="false"/>
            <line number="123" hits="187" branch="false"/>
            <line number="124" hits="187" branch="false"/>
            <line number="125" hits="187" branch="false"/>
            <line number="128" hits="190" branch="false"/>
            <line number="129" hits="3" branch="false"/>
            <line number="133" hits="190" branch="false"/>
            <line number="134" hits="190" branch="false"/>
            <line number="135" hits="3" branch="false"/>
            <line number="138" hits="190" branch="false"/>
          </lines>
        </class>
        <class name="create_data_matrix.R" filename="R/create_data_matrix.R" line-rate="1" branch-rate="0" complexity="0">
          <methods>
            <method name="create_data_matrix" signature="" line-rate="1" branch-rate="0">
              <lines>
                <line number="28" hits="16" branch="false"/>
                <line number="29" hits="14" branch="false"/>
                <line number="30" hits="14" branch="false"/>
                <line number="31" hits="12" branch="false"/>
                <line number="33" hits="11" branch="false"/>
                <line number="34" hits="11" branch="false"/>
                <line number="36" hits="10" branch="false"/>
                <line number="37" hits="10" branch="false"/>
                <line number="39" hits="9" branch="false"/>
                <line number="40" hits="9" branch="false"/>
                <line number="42" hits="9" branch="false"/>
                <line number="43" hits="8" branch="false"/>
                <line number="44" hits="7" branch="false"/>
                <line number="45" hits="4" branch="false"/>
                <line number="46" hits="3" branch="false"/>
                <line number="47" hits="3" branch="false"/>
                <line number="48" hits="1" branch="false"/>
                <line number="50" hits="4" branch="false"/>
                <line number="51" hits="4" branch="false"/>
                <line number="52" hits="4" branch="false"/>
                <line number="53" hits="4" branch="false"/>
                <line number="55" hits="5" branch="false"/>
              </lines>
            </method>
          </methods>
          <lines>
            <line number="28" hits="16" branch="false"/>
            <line number="29" hits="14" branch="false"/>
            <line number="30" hits="14" branch="false"/>
            <line number="31" hits="12" branch="false"/>
            <line number="33" hits="11" branch="false"/>
            <line number="34" hits="11" branch="false"/>
            <line number="36" hits="10" branch="false"/>
            <line number="37" hits="10" branch="false"/>
            <line number="39" hits="9" branch="false"/>
            <line number="40" hits="9" branch="false"/>
            <line number="42" hits="9" branch="false"/>
            <line number="43" hits="8" branch="false"/>
            <line number="44" hits="7" branch="false"/>
            <line number="45" hits="4" branch="false"/>
            <line number="46" hits="3" branch="false"/>
            <line number="47" hits="3" branch="false"/>
            <line number="48" hits="1" branch="false"/>
            <line number="50" hits="4" branch="false"/>
            <line number="51" hits="4" branch="false"/>
            <line number="52" hits="4" branch="false"/>
            <line number="53" hits="4" branch="false"/>
            <line number="55" hits="5" branch="false"/>
          </lines>
        </class>
        <class name="create_simulation_obj.R" filename="R/create_simulation_obj.R" line-rate="1" branch-rate="0" complexity="0">
          <methods>
            <method name="create_simulation_obj" signature="" line-rate="1" branch-rate="0">
              <lines>
                <line number="81" hits="21" branch="false"/>
                <line number="82" hits="20" branch="false"/>
                <line number="83" hits="19" branch="false"/>
                <line number="84" hits="18" branch="false"/>
                <line number="85" hits="17" branch="false"/>
                <line number="88" hits="16" branch="false"/>
                <line number="89" hits="5" branch="false"/>
                <line number="93" hits="16" branch="false"/>
                <line number="94" hits="1" branch="false"/>
                <line number="96" hits="16" branch="false"/>
                <line number="97" hits="1" branch="false"/>
                <line number="99" hits="16" branch="false"/>
                <line number="100" hits="1" branch="false"/>
                <line number="102" hits="16" branch="false"/>
                <line number="103" hits="1" branch="false"/>
                <line number="107" hits="16" branch="false"/>
                <line number="108" hits="16" branch="false"/>
                <line number="109" hits="16" branch="false"/>
                <line number="110" hits="16" branch="false"/>
                <line number="111" hits="16" branch="false"/>
                <line number="112" hits="16" branch="false"/>
                <line number="113" hits="16" branch="false"/>
                <line number="117" hits="16" branch="false"/>
                <line number="119" hits="16" branch="false"/>
                <line number="120" hits="28" branch="false"/>
                <line number="121" hits="52" branch="false"/>
                <line number="122" hits="4" branch="false"/>
                <line number="123" hits="4" branch="false"/>
                <line number="124" hits="4" branch="false"/>
                <line number="125" hits="4" branch="false"/>
                <line number="126" hits="4" branch="false"/>
                <line number="127" hits="4" branch="false"/>
                <line number="128" hits="4" branch="false"/>
                <line number="129" hits="4" branch="false"/>
                <line number="130" hits="4" branch="false"/>
                <line number="131" hits="4" branch="false"/>
                <line number="137" hits="12" branch="false"/>
                <line number="138" hits="24" branch="false"/>
                <line number="139" hits="47" branch="false"/>
                <line number="140" hits="47" branch="false"/>
                <line number="141" hits="1" branch="false"/>
                <line number="142" hits="1" branch="false"/>
                <line number="143" hits="1" branch="false"/>
                <line number="144" hits="1" branch="false"/>
                <line number="145" hits="1" branch="false"/>
                <line number="146" hits="1" branch="false"/>
                <line number="147" hits="1" branch="false"/>
                <line number="153" hits="11" branch="false"/>
                <line number="154" hits="11" branch="false"/>
                <line number="155" hits="11" branch="false"/>
                <line number="156" hits="11" branch="false"/>
                <line number="157" hits="11" branch="false"/>
                <line number="158" hits="11" branch="false"/>
                <line number="159" hits="11" branch="false"/>
                <line number="160" hits="11" branch="false"/>
                <line number="161" hits="11" branch="false"/>
                <line number="162" hits="11" branch="false"/>
                <line number="163" hits="11" branch="false"/>
                <line number="164" hits="11" branch="false"/>
                <line number="167" hits="11" branch="false"/>
                <line number="168" hits="11" branch="false"/>
                <line number="169" hits="11" branch="false"/>
                <line number="172" hits="11" branch="false"/>
              </lines>
            </method>
          </methods>
          <lines>
            <line number="81" hits="21" branch="false"/>
            <line number="82" hits="20" branch="false"/>
            <line number="83" hits="19" branch="false"/>
            <line number="84" hits="18" branch="false"/>
            <line number="85" hits="17" branch="false"/>
            <line number="88" hits="16" branch="false"/>
            <line number="89" hits="5" branch="false"/>
            <line number="93" hits="16" branch="false"/>
            <line number="94" hits="1" branch="false"/>
            <line number="96" hits="16" branch="false"/>
            <line number="97" hits="1" branch="false"/>
            <line number="99" hits="16" branch="false"/>
            <line number="100" hits="1" branch="false"/>
            <line number="102" hits="16" branch="false"/>
            <line number="103" hits="1" branch="false"/>
            <line number="107" hits="16" branch="false"/>
            <line number="108" hits="16" branch="false"/>
            <line number="109" hits="16" branch="false"/>
            <line number="110" hits="16" branch="false"/>
            <line number="111" hits="16" branch="false"/>
            <line number="112" hits="16" branch="false"/>
            <line number="113" hits="16" branch="false"/>
            <line number="117" hits="16" branch="false"/>
            <line number="119" hits="16" branch="false"/>
            <line number="120" hits="28" branch="false"/>
            <line number="121" hits="52" branch="false"/>
            <line number="122" hits="4" branch="false"/>
            <line number="123" hits="4" branch="false"/>
            <line number="124" hits="4" branch="false"/>
            <line number="125" hits="4" branch="false"/>
            <line number="126" hits="4" branch="false"/>
            <line number="127" hits="4" branch="false"/>
            <line number="128" hits="4" branch="false"/>
            <line number="129" hits="4" branch="false"/>
            <line number="130" hits="4" branch="false"/>
            <line number="131" hits="4" branch="false"/>
            <line number="137" hits="12" branch="false"/>
            <line number="138" hits="24" branch="false"/>
            <line number="139" hits="47" branch="false"/>
            <line number="140" hits="47" branch="false"/>
            <line number="141" hits="1" branch="false"/>
            <line number="142" hits="1" branch="false"/>
            <line number="143" hits="1" branch="false"/>
            <line number="144" hits="1" branch="false"/>
            <line number="145" hits="1" branch="false"/>
            <line number="146" hits="1" branch="false"/>
            <line number="147" hits="1" branch="false"/>
            <line number="153" hits="11" branch="false"/>
            <line number="154" hits="11" branch="false"/>
            <line number="155" hits="11" branch="false"/>
            <line number="156" hits="11" branch="false"/>
            <line number="157" hits="11" branch="false"/>
            <line number="158" hits="11" branch="false"/>
            <line number="159" hits="11" branch="false"/>
            <line number="160" hits="11" branch="false"/>
            <line number="161" hits="11" branch="false"/>
            <line number="162" hits="11" branch="false"/>
            <line number="163" hits="11" branch="false"/>
            <line number="164" hits="11" branch="false"/>
            <line number="167" hits="11" branch="false"/>
            <line number="168" hits="11" branch="false"/>
            <line number="169" hits="11" branch="false"/>
            <line number="172" hits="11" branch="false"/>
          </lines>
        </class>
        <class name="exp_surv_dist.R" filename="R/exp_surv_dist.R" line-rate="1" branch-rate="0" complexity="0">
          <methods>
            <method name="exp_surv_dist" signature="" line-rate="1" branch-rate="0">
              <lines>
                <line number="73" hits="39" branch="false"/>
                <line number="74" hits="38" branch="false"/>
                <line number="75" hits="38" branch="false"/>
                <line number="76" hits="38" branch="false"/>
                <line number="77" hits="38" branch="false"/>
                <line number="78" hits="38" branch="false"/>
                <line number="79" hits="38" branch="false"/>
                <line number="80" hits="38" branch="false"/>
              </lines>
            </method>
          </methods>
          <lines>
            <line number="73" hits="39" branch="false"/>
            <line number="74" hits="38" branch="false"/>
            <line number="75" hits="38" branch="false"/>
            <line number="76" hits="38" branch="false"/>
            <line number="77" hits="38" branch="false"/>
            <line number="78" hits="38" branch="false"/>
            <line number="79" hits="38" branch="false"/>
            <line number="80" hits="38" branch="false"/>
          </lines>
        </class>
        <class name="exponential_prior.R" filename="R/exponential_prior.R" line-rate="1" branch-rate="0" complexity="0">
          <methods>
            <method name="exponential_prior" signature="" line-rate="1" branch-rate="0">
              <lines>
                <line number="46" hits="39" branch="false"/>
              </lines>
            </method>
            <method name="ExponentialPrior" signature="" line-rate="1" branch-rate="0">
              <lines>
                <line number="54" hits="1" branch="false"/>
                <line number="55" hits="1" branch="false"/>
                <line number="56" hits="1" branch="false"/>
                <line number="57" hits="1" branch="false"/>
                <line number="58" hits="1" branch="false"/>
                <line number="59" hits="1" branch="false"/>
                <line number="60" hits="1" branch="false"/>
                <line number="61" hits="1" branch="false"/>
                <line number="62" hits="1" branch="false"/>
                <line number="63" hits="1" branch="false"/>
                <line number="64" hits="1" branch="false"/>
              </lines>
            </method>
            <method name="ExponentialPrior#missing" signature="" line-rate="1" branch-rate="0">
              <lines>
                <line number="76" hits="1" branch="false"/>
                <line number="77" hits="1" branch="false"/>
                <line number="78" hits="1" branch="false"/>
                <line number="79" hits="1" branch="false"/>
              </lines>
            </method>
          </methods>
          <lines>
            <line number="46" hits="39" branch="false"/>
            <line number="54" hits="1" branch="false"/>
            <line number="55" hits="1" branch="false"/>
            <line number="56" hits="1" branch="false"/>
            <line number="57" hits="1" branch="false"/>
            <line number="58" hits="1" branch="false"/>
            <line number="59" hits="1" branch="false"/>
            <line number="60" hits="1" branch="false"/>
            <line number="61" hits="1" branch="false"/>
            <line number="62" hits="1" branch="false"/>
            <line number="63" hits="1" branch="false"/>
            <line number="64" hits="1" branch="false"/>
            <line number="76" hits="1" branch="false"/>
            <line number="77" hits="1" branch="false"/>
            <line number="78" hits="1" branch="false"/>
            <line number="79" hits="1" branch="false"/>
          </lines>
        </class>
        <class name="gamma_prior.R" filename="R/gamma_prior.R" line-rate="1" branch-rate="0" complexity="0">
          <methods>
            <method name="gamma_prior" signature="" line-rate="1" branch-rate="0">
              <lines>
                <line number="51" hits="9" branch="false"/>
              </lines>
            </method>
            <method name="GammaPrior" signature="" line-rate="1" branch-rate="0">
              <lines>
                <line number="60" hits="1" branch="false"/>
                <line number="61" hits="1" branch="false"/>
                <line number="62" hits="1" branch="false"/>
                <line number="63" hits="1" branch="false"/>
                <line number="64" hits="1" branch="false"/>
                <line number="65" hits="1" branch="false"/>
                <line number="66" hits="1" branch="false"/>
                <line number="67" hits="1" branch="false"/>
                <line number="68" hits="1" branch="false"/>
                <line number="69" hits="1" branch="false"/>
                <line number="70" hits="1" branch="false"/>
              </lines>
            </method>
            <method name="GammaPrior#missing" signature="" line-rate="1" branch-rate="0">
              <lines>
                <line number="82" hits="1" branch="false"/>
                <line number="83" hits="1" branch="false"/>
                <line number="84" hits="1" branch="false"/>
                <line number="85" hits="1" branch="false"/>
              </lines>
            </method>
          </methods>
          <lines>
            <line number="51" hits="9" branch="false"/>
            <line number="60" hits="1" branch="false"/>
            <line number="61" hits="1" branch="false"/>
            <line number="62" hits="1" branch="false"/>
            <line number="63" hits="1" branch="false"/>
            <line number="64" hits="1" branch="false"/>
            <line number="65" hits="1" branch="false"/>
            <line number="66" hits="1" branch="false"/>
            <line number="67" hits="1" branch="false"/>
            <line number="68" hits="1" branch="false"/>
            <line number="69" hits="1" branch="false"/>
            <line number="70" hits="1" branch="false"/>
            <line number="82" hits="1" branch="false"/>
            <line number="83" hits="1" branch="false"/>
            <line number="84" hits="1" branch="false"/>
            <line number="85" hits="1" branch="false"/>
          </lines>
        </class>
        <class name="generics.R" filename="R/generics.R" line-rate="0.4" branch-rate="0" complexity="0">
          <methods>
            <method name="get_vars" signature="" line-rate="1" branch-rate="0">
              <lines>
                <line number="36" hits="1089" branch="false"/>
              </lines>
            </method>
            <method name="mcmc_sample" signature="" line-rate="1" branch-rate="0">
              <lines>
                <line number="51" hits="3" branch="false"/>
              </lines>
            </method>
            <method name="show_guide" signature="" line-rate="0" branch-rate="0">
              <lines>
                <line number="63" hits="0" branch="false"/>
              </lines>
            </method>
            <method name="get_results" signature="" line-rate="0" branch-rate="0">
              <lines>
                <line number="75" hits="0" branch="false"/>
              </lines>
            </method>
            <method name="get_cmd_stan_models" signature="" line-rate="0" branch-rate="0">
              <lines>
                <line number="87" hits="0" branch="false"/>
              </lines>
            </method>
          </methods>
          <lines>
            <line number="36" hits="1089" branch="false"/>
            <line number="51" hits="3" branch="false"/>
            <line number="63" hits="0" branch="false"/>
            <line number="75" hits="0" branch="false"/>
            <line number="87" hits="0" branch="false"/>
          </lines>
        </class>
        <class name="helpers.R" filename="R/helpers.R" line-rate="0.974025974025974" branch-rate="0" complexity="0">
          <methods>
            <method name="plot_pdf" signature="" line-rate="0.9" branch-rate="0">
              <lines>
                <line number="16" hits="6" branch="false"/>
                <line number="17" hits="6" branch="false"/>
                <line number="18" hits="6" branch="false"/>
                <line number="19" hits="6" branch="false"/>
                <line number="20" hits="6" branch="false"/>
                <line number="21" hits="6" branch="false"/>
                <line number="22" hits="6" branch="false"/>
                <line number="23" hits="6" branch="false"/>
                <line number="24" hits="0" branch="false"/>
                <line number="26" hits="6" branch="false"/>
              </lines>
            </method>
            <method name="plot_pmf" signature="" line-rate="0.933333333333333" branch-rate="0">
              <lines>
                <line number="46" hits="2" branch="false"/>
                <line number="47" hits="2" branch="false"/>
                <line number="48" hits="2" branch="false"/>
                <line number="49" hits="2" branch="false"/>
                <line number="50" hits="2" branch="false"/>
                <line number="51" hits="2" branch="false"/>
                <line number="52" hits="2" branch="false"/>
                <line number="53" hits="2" branch="false"/>
                <line number="54" hits="2" branch="false"/>
                <line number="55" hits="2" branch="false"/>
                <line number="56" hits="2" branch="false"/>
                <line number="58" hits="0" branch="false"/>
                <line number="60" hits="2" branch="false"/>
                <line number="61" hits="2" branch="false"/>
                <line number="63" hits="2" branch="false"/>
              </lines>
            </method>
            <method name="h_glue" signature="" line-rate="1" branch-rate="0">
              <lines>
                <line number="79" hits="4766" branch="false"/>
              </lines>
            </method>
            <method name="get_covariate_constraints" signature="" line-rate="1" branch-rate="0">
              <lines>
                <line number="101" hits="6" branch="false"/>
                <line number="102" hits="6" branch="false"/>
                <line number="103" hits="5" branch="false"/>
                <line number="104" hits="5" branch="false"/>
                <line number="106" hits="1" branch="false"/>
                <line number="108" hits="6" branch="false"/>
                <line number="109" hits="6" branch="false"/>
              </lines>
            </method>
            <method name="parse_constraint" signature="" line-rate="1" branch-rate="0">
              <lines>
                <line number="123" hits="50" branch="false"/>
                <line number="124" hits="50" branch="false"/>
                <line number="125" hits="50" branch="false"/>
                <line number="127" hits="50" branch="false"/>
                <line number="128" hits="50" branch="false"/>
                <line number="129" hits="50" branch="false"/>
                <line number="131" hits="50" branch="false"/>
                <line number="132" hits="50" branch="false"/>
                <line number="133" hits="50" branch="false"/>
                <line number="135" hits="50" branch="false"/>
              </lines>
            </method>
            <method name="rename_draws_covariates" signature="" line-rate="1" branch-rate="0">
              <lines>
                <line number="173" hits="1" branch="false"/>
                <line number="174" hits="1" branch="false"/>
                <line number="175" hits="1" branch="false"/>
                <line number="176" hits="1" branch="false"/>
                <line number="177" hits="1" branch="false"/>
              </lines>
            </method>
            <method name="variable_dictionary" signature="" line-rate="1" branch-rate="0">
              <lines>
                <line number="188" hits="4" branch="false"/>
                <line number="189" hits="4" branch="false"/>
                <line number="190" hits="4" branch="false"/>
                <line number="191" hits="4" branch="false"/>
                <line number="192" hits="4" branch="false"/>
                <line number="194" hits="4" branch="false"/>
                <line number="195" hits="2" branch="false"/>
                <line number="196" hits="2" branch="false"/>
                <line number="197" hits="4" branch="false"/>
                <line number="198" hits="2" branch="false"/>
                <line number="199" hits="4" branch="false"/>
                <line number="201" hits="4" branch="false"/>
                <line number="202" hits="2" branch="false"/>
                <line number="203" hits="2" branch="false"/>
                <line number="204" hits="2" branch="false"/>
                <line number="205" hits="2" branch="false"/>
                <line number="206" hits="1" branch="false"/>
                <line number="208" hits="1" branch="false"/>
                <line number="211" hits="2" branch="false"/>
                <line number="212" hits="2" branch="false"/>
                <line number="213" hits="2" branch="false"/>
                <line number="214" hits="2" branch="false"/>
                <line number="217" hits="4" branch="false"/>
                <line number="218" hits="2" branch="false"/>
                <line number="219" hits="2" branch="false"/>
                <line number="221" hits="2" branch="false"/>
                <line number="222" hits="2" branch="false"/>
                <line number="225" hits="4" branch="false"/>
                <line number="226" hits="4" branch="false"/>
              </lines>
            </method>
          </methods>
          <lines>
            <line number="16" hits="6" branch="false"/>
            <line number="17" hits="6" branch="false"/>
            <line number="18" hits="6" branch="false"/>
            <line number="19" hits="6" branch="false"/>
            <line number="20" hits="6" branch="false"/>
            <line number="21" hits="6" branch="false"/>
            <line number="22" hits="6" branch="false"/>
            <line number="23" hits="6" branch="false"/>
            <line number="24" hits="0" branch="false"/>
            <line number="26" hits="6" branch="false"/>
            <line number="46" hits="2" branch="false"/>
            <line number="47" hits="2" branch="false"/>
            <line number="48" hits="2" branch="false"/>
            <line number="49" hits="2" branch="false"/>
            <line number="50" hits="2" branch="false"/>
            <line number="51" hits="2" branch="false"/>
            <line number="52" hits="2" branch="false"/>
            <line number="53" hits="2" branch="false"/>
            <line number="54" hits="2" branch="false"/>
            <line number="55" hits="2" branch="false"/>
            <line number="56" hits="2" branch="false"/>
            <line number="58" hits="0" branch="false"/>
            <line number="60" hits="2" branch="false"/>
            <line number="61" hits="2" branch="false"/>
            <line number="63" hits="2" branch="false"/>
            <line number="79" hits="4766" branch="false"/>
            <line number="101" hits="6" branch="false"/>
            <line number="102" hits="6" branch="false"/>
            <line number="103" hits="5" branch="false"/>
            <line number="104" hits="5" branch="false"/>
            <line number="106" hits="1" branch="false"/>
            <line number="108" hits="6" branch="false"/>
            <line number="109" hits="6" branch="false"/>
            <line number="123" hits="50" branch="false"/>
            <line number="124" hits="50" branch="false"/>
            <line number="125" hits="50" branch="false"/>
            <line number="127" hits="50" branch="false"/>
            <line number="128" hits="50" branch="false"/>
            <line number="129" hits="50" branch="false"/>
            <line number="131" hits="50" branch="false"/>
            <line number="132" hits="50" branch="false"/>
            <line number="133" hits="50" branch="false"/>
            <line number="135" hits="50" branch="false"/>
            <line number="173" hits="1" branch="false"/>
            <line number="174" hits="1" branch="false"/>
            <line number="175" hits="1" branch="false"/>
            <line number="176" hits="1" branch="false"/>
            <line number="177" hits="1" branch="false"/>
            <line number="188" hits="4" branch="false"/>
            <line number="189" hits="4" branch="false"/>
            <line number="190" hits="4" branch="false"/>
            <line number="191" hits="4" branch="false"/>
            <line number="192" hits="4" branch="false"/>
            <line number="194" hits="4" branch="false"/>
            <line number="195" hits="2" branch="false"/>
            <line number="196" hits="2" branch="false"/>
            <line number="197" hits="4" branch="false"/>
            <line number="198" hits="2" branch="false"/>
            <line number="199" hits="4" branch="false"/>
            <line number="201" hits="4" branch="false"/>
            <line number="202" hits="2" branch="false"/>
            <line number="203" hits="2" branch="false"/>
            <line number="204" hits="2" branch="false"/>
            <line number="205" hits="2" branch="false"/>
            <line number="206" hits="1" branch="false"/>
            <line number="208" hits="1" branch="false"/>
            <line number="211" hits="2" branch="false"/>
            <line number="212" hits="2" branch="false"/>
            <line number="213" hits="2" branch="false"/>
            <line number="214" hits="2" branch="false"/>
            <line number="217" hits="4" branch="false"/>
            <line number="218" hits="2" branch="false"/>
            <line number="219" hits="2" branch="false"/>
            <line number="221" hits="2" branch="false"/>
            <line number="222" hits="2" branch="false"/>
            <line number="225" hits="4" branch="false"/>
            <line number="226" hits="4" branch="false"/>
          </lines>
        </class>
        <class name="logistic_bin_outcome.R" filename="R/logistic_bin_outcome.R" line-rate="1" branch-rate="0" complexity="0">
          <methods>
            <method name="logistic_bin_outcome" signature="" line-rate="1" branch-rate="0">
              <lines>
                <line number="69" hits="15" branch="false"/>
                <line number="70" hits="14" branch="false"/>
                <line number="71" hits="14" branch="false"/>
                <line number="72" hits="14" branch="false"/>
                <line number="73" hits="14" branch="false"/>
                <line number="74" hits="14" branch="false"/>
              </lines>
            </method>
          </methods>
          <lines>
            <line number="69" hits="15" branch="false"/>
            <line number="70" hits="14" branch="false"/>
            <line number="71" hits="14" branch="false"/>
            <line number="72" hits="14" branch="false"/>
            <line number="73" hits="14" branch="false"/>
            <line number="74" hits="14" branch="false"/>
          </lines>
        </class>
        <class name="make_analysis_object_list.R" filename="R/make_analysis_object_list.R" line-rate="1" branch-rate="0" complexity="0">
          <methods>
            <method name="make_analysis_object_list" signature="" line-rate="1" branch-rate="0">
              <lines>
                <line number="85" hits="11" branch="false"/>
                <line number="88" hits="11" branch="false"/>
                <line number="89" hits="80" branch="false"/>
                <line number="92" hits="80" branch="false"/>
                <line number="93" hits="80" branch="false"/>
                <line number="94" hits="80" branch="false"/>
                <line number="96" hits="80" branch="false"/>
                <line number="97" hits="80" branch="false"/>
                <line number="98" hits="80" branch="false"/>
                <line number="100" hits="80" branch="false"/>
                <line number="101" hits="80" branch="false"/>
                <line number="102" hits="80" branch="false"/>
                <line number="104" hits="80" branch="false"/>
                <line number="105" hits="80" branch="false"/>
                <line number="106" hits="80" branch="false"/>
                <line number="108" hits="80" branch="false"/>
                <line number="109" hits="80" branch="false"/>
                <line number="110" hits="80" branch="false"/>
                <line number="112" hits="80" branch="false"/>
                <line number="113" hits="80" branch="false"/>
                <line number="114" hits="80" branch="false"/>
                <line number="115" hits="80" branch="false"/>
                <line number="116" hits="80" branch="false"/>
                <line number="117" hits="80" branch="false"/>
                <line number="118" hits="80" branch="false"/>
                <line number="119" hits="80" branch="false"/>
                <line number="120" hits="80" branch="false"/>
                <line number="124" hits="11" branch="false"/>
              </lines>
            </method>
          </methods>
          <lines>
            <line number="85" hits="11" branch="false"/>
            <line number="88" hits="11" branch="false"/>
            <line number="89" hits="80" branch="false"/>
            <line number="92" hits="80" branch="false"/>
            <line number="93" hits="80" branch="false"/>
            <line number="94" hits="80" branch="false"/>
            <line number="96" hits="80" branch="false"/>
            <line number="97" hits="80" branch="false"/>
            <line number="98" hits="80" branch="false"/>
            <line number="100" hits="80" branch="false"/>
            <line number="101" hits="80" branch="false"/>
            <line number="102" hits="80" branch="false"/>
            <line number="104" hits="80" branch="false"/>
            <line number="105" hits="80" branch="false"/>
            <line number="106" hits="80" branch="false"/>
            <line number="108" hits="80" branch="false"/>
            <line number="109" hits="80" branch="false"/>
            <line number="110" hits="80" branch="false"/>
            <line number="112" hits="80" branch="false"/>
            <line number="113" hits="80" branch="false"/>
            <line number="114" hits="80" branch="false"/>
            <line number="115" hits="80" branch="false"/>
            <line number="116" hits="80" branch="false"/>
            <line number="117" hits="80" branch="false"/>
            <line number="118" hits="80" branch="false"/>
            <line number="119" hits="80" branch="false"/>
            <line number="120" hits="80" branch="false"/>
            <line number="124" hits="11" branch="false"/>
          </lines>
        </class>
        <class name="make_model_string_data.R" filename="R/make_model_string_data.R" line-rate="1" branch-rate="0" complexity="0">
          <methods>
            <method name="make_model_string_data" signature="" line-rate="1" branch-rate="0">
              <lines>
                <line number="25" hits="194" branch="false"/>
                <line number="28" hits="194" branch="false"/>
                <line number="29" hits="184" branch="false"/>
                <line number="30" hits="184" branch="false"/>
                <line number="31" hits="184" branch="false"/>
                <line number="32" hits="184" branch="false"/>
                <line number="33" hits="184" branch="false"/>
                <line number="34" hits="184" branch="false"/>
                <line number="38" hits="194" branch="false"/>
                <line number="39" hits="10" branch="false"/>
                <line number="40" hits="10" branch="false"/>
                <line number="41" hits="10" branch="false"/>
                <line number="42" hits="10" branch="false"/>
                <line number="43" hits="10" branch="false"/>
                <line number="47" hits="194" branch="false"/>
                <line number="48" hits="88" branch="false"/>
                <line number="49" hits="88" branch="false"/>
                <line number="50" hits="88" branch="false"/>
                <line number="54" hits="194" branch="false"/>
                <line number="55" hits="99" branch="false"/>
                <line number="56" hits="99" branch="false"/>
                <line number="57" hits="99" branch="false"/>
                <line number="58" hits="99" branch="false"/>
                <line number="59" hits="99" branch="false"/>
                <line number="60" hits="99" branch="false"/>
                <line number="64" hits="194" branch="false"/>
                <line number="67" hits="194" branch="false"/>
              </lines>
            </method>
          </methods>
          <lines>
            <line number="25" hits="194" branch="false"/>
            <line number="28" hits="194" branch="false"/>
            <line number="29" hits="184" branch="false"/>
            <line number="30" hits="184" branch="false"/>
            <line number="31" hits="184" branch="false"/>
            <line number="32" hits="184" branch="false"/>
            <line number="33" hits="184" branch="false"/>
            <line number="34" hits="184" branch="false"/>
            <line number="38" hits="194" branch="false"/>
            <line number="39" hits="10" branch="false"/>
            <line number="40" hits="10" branch="false"/>
            <line number="41" hits="10" branch="false"/>
            <line number="42" hits="10" branch="false"/>
            <line number="43" hits="10" branch="false"/>
            <line number="47" hits="194" branch="false"/>
            <line number="48" hits="88" branch="false"/>
            <line number="49" hits="88" branch="false"/>
            <line number="50" hits="88" branch="false"/>
            <line number="54" hits="194" branch="false"/>
            <line number="55" hits="99" branch="false"/>
            <line number="56" hits="99" branch="false"/>
            <line number="57" hits="99" branch="false"/>
            <line number="58" hits="99" branch="false"/>
            <line number="59" hits="99" branch="false"/>
            <line number="60" hits="99" branch="false"/>
            <line number="64" hits="194" branch="false"/>
            <line number="67" hits="194" branch="false"/>
          </lines>
        </class>
        <class name="make_model_string_functions.R" filename="R/make_model_string_functions.R" line-rate="1" branch-rate="0" complexity="0">
          <methods>
            <method name="make_model_string_functions" signature="" line-rate="1" branch-rate="0">
              <lines>
                <line number="25" hits="194" branch="false"/>
                <line number="28" hits="194" branch="false"/>
                <line number="29" hits="194" branch="false"/>
                <line number="30" hits="194" branch="false"/>
                <line number="33" hits="194" branch="false"/>
                <line number="34" hits="194" branch="false"/>
                <line number="35" hits="194" branch="false"/>
                <line number="38" hits="194" branch="false"/>
              </lines>
            </method>
          </methods>
          <lines>
            <line number="25" hits="194" branch="false"/>
            <line number="28" hits="194" branch="false"/>
            <line number="29" hits="194" branch="false"/>
            <line number="30" hits="194" branch="false"/>
            <line number="33" hits="194" branch="false"/>
            <line number="34" hits="194" branch="false"/>
            <line number="35" hits="194" branch="false"/>
            <line number="38" hits="194" branch="false"/>
          </lines>
        </class>
        <class name="make_model_string_model.R" filename="R/make_model_string_model.R" line-rate="1" branch-rate="0" complexity="0">
          <methods>
            <method name="make_model_string_model" signature="" line-rate="1" branch-rate="0">
              <lines>
                <line number="25" hits="194" branch="false"/>
                <line number="28" hits="194" branch="false"/>
                <line number="29" hits="194" branch="false"/>
                <line number="30" hits="194" branch="false"/>
                <line number="31" hits="194" branch="false"/>
                <line number="32" hits="194" branch="false"/>
                <line number="33" hits="194" branch="false"/>
                <line number="36" hits="194" branch="false"/>
                <line number="37" hits="194" branch="false"/>
                <line number="39" hits="194" branch="false"/>
                <line number="40" hits="44" branch="false"/>
                <line number="41" hits="44" branch="false"/>
                <line number="42" hits="44" branch="false"/>
                <line number="43" hits="44" branch="false"/>
                <line number="44" hits="150" branch="false"/>
                <line number="45" hits="44" branch="false"/>
                <line number="46" hits="44" branch="false"/>
                <line number="47" hits="44" branch="false"/>
                <line number="48" hits="44" branch="false"/>
                <line number="49" hits="106" branch="false"/>
                <line number="50" hits="55" branch="false"/>
                <line number="51" hits="55" branch="false"/>
                <line number="52" hits="55" branch="false"/>
                <line number="53" hits="55" branch="false"/>
                <line number="54" hits="51" branch="false"/>
                <line number="55" hits="51" branch="false"/>
                <line number="56" hits="51" branch="false"/>
                <line number="57" hits="51" branch="false"/>
                <line number="58" hits="51" branch="false"/>
                <line number="62" hits="194" branch="false"/>
                <line number="63" hits="26" branch="false"/>
                <line number="64" hits="26" branch="false"/>
                <line number="65" hits="26" branch="false"/>
                <line number="66" hits="26" branch="false"/>
                <line number="67" hits="26" branch="false"/>
                <line number="68" hits="26" branch="false"/>
                <line number="69" hits="26" branch="false"/>
                <line number="74" hits="194" branch="false"/>
                <line number="75" hits="99" branch="false"/>
                <line number="76" hits="90" branch="false"/>
                <line number="77" hits="90" branch="false"/>
                <line number="78" hits="90" branch="false"/>
                <line number="79" hits="90" branch="false"/>
                <line number="80" hits="104" branch="false"/>
                <line number="81" hits="104" branch="false"/>
                <line number="82" hits="104" branch="false"/>
                <line number="84" hits="9" branch="false"/>
                <line number="85" hits="9" branch="false"/>
                <line number="86" hits="18" branch="false"/>
                <line number="87" hits="18" branch="false"/>
                <line number="88" hits="18" branch="false"/>
                <line number="89" hits="18" branch="false"/>
                <line number="90" hits="18" branch="false"/>
                <line number="91" hits="18" branch="false"/>
                <line number="97" hits="194" branch="false"/>
                <line number="98" hits="88" branch="false"/>
                <line number="100" hits="88" branch="false"/>
                <line number="101" hits="88" branch="false"/>
                <line number="102" hits="88" branch="false"/>
                <line number="103" hits="88" branch="false"/>
                <line number="105" hits="88" branch="false"/>
                <line number="106" hits="88" branch="false"/>
                <line number="107" hits="88" branch="false"/>
                <line number="108" hits="88" branch="false"/>
                <line number="109" hits="88" branch="false"/>
                <line number="110" hits="88" branch="false"/>
                <line number="111" hits="88" branch="false"/>
                <line number="115" hits="194" branch="false"/>
                <line number="116" hits="106" branch="false"/>
                <line number="117" hits="106" branch="false"/>
                <line number="118" hits="106" branch="false"/>
                <line number="119" hits="106" branch="false"/>
                <line number="121" hits="106" branch="false"/>
                <line number="122" hits="106" branch="false"/>
                <line number="123" hits="106" branch="false"/>
                <line number="127" hits="194" branch="false"/>
                <line number="128" hits="194" branch="false"/>
                <line number="129" hits="194" branch="false"/>
                <line number="132" hits="194" branch="false"/>
                <line number="133" hits="194" branch="false"/>
                <line number="134" hits="194" branch="false"/>
                <line number="137" hits="194" branch="false"/>
              </lines>
            </method>
          </methods>
          <lines>
            <line number="25" hits="194" branch="false"/>
            <line number="28" hits="194" branch="false"/>
            <line number="29" hits="194" branch="false"/>
            <line number="30" hits="194" branch="false"/>
            <line number="31" hits="194" branch="false"/>
            <line number="32" hits="194" branch="false"/>
            <line number="33" hits="194" branch="false"/>
            <line number="36" hits="194" branch="false"/>
            <line number="37" hits="194" branch="false"/>
            <line number="39" hits="194" branch="false"/>
            <line number="40" hits="44" branch="false"/>
            <line number="41" hits="44" branch="false"/>
            <line number="42" hits="44" branch="false"/>
            <line number="43" hits="44" branch="false"/>
            <line number="44" hits="150" branch="false"/>
            <line number="45" hits="44" branch="false"/>
            <line number="46" hits="44" branch="false"/>
            <line number="47" hits="44" branch="false"/>
            <line number="48" hits="44" branch="false"/>
            <line number="49" hits="106" branch="false"/>
            <line number="50" hits="55" branch="false"/>
            <line number="51" hits="55" branch="false"/>
            <line number="52" hits="55" branch="false"/>
            <line number="53" hits="55" branch="false"/>
            <line number="54" hits="51" branch="false"/>
            <line number="55" hits="51" branch="false"/>
            <line number="56" hits="51" branch="false"/>
            <line number="57" hits="51" branch="false"/>
            <line number="58" hits="51" branch="false"/>
            <line number="62" hits="194" branch="false"/>
            <line number="63" hits="26" branch="false"/>
            <line number="64" hits="26" branch="false"/>
            <line number="65" hits="26" branch="false"/>
            <line number="66" hits="26" branch="false"/>
            <line number="67" hits="26" branch="false"/>
            <line number="68" hits="26" branch="false"/>
            <line number="69" hits="26" branch="false"/>
            <line number="74" hits="194" branch="false"/>
            <line number="75" hits="99" branch="false"/>
            <line number="76" hits="90" branch="false"/>
            <line number="77" hits="90" branch="false"/>
            <line number="78" hits="90" branch="false"/>
            <line number="79" hits="90" branch="false"/>
            <line number="80" hits="104" branch="false"/>
            <line number="81" hits="104" branch="false"/>
            <line number="82" hits="104" branch="false"/>
            <line number="84" hits="9" branch="false"/>
            <line number="85" hits="9" branch="false"/>
            <line number="86" hits="18" branch="false"/>
            <line number="87" hits="18" branch="false"/>
            <line number="88" hits="18" branch="false"/>
            <line number="89" hits="18" branch="false"/>
            <line number="90" hits="18" branch="false"/>
            <line number="91" hits="18" branch="false"/>
            <line number="97" hits="194" branch="false"/>
            <line number="98" hits="88" branch="false"/>
            <line number="100" hits="88" branch="false"/>
            <line number="101" hits="88" branch="false"/>
            <line number="102" hits="88" branch="false"/>
            <line number="103" hits="88" branch="false"/>
            <line number="105" hits="88" branch="false"/>
            <line number="106" hits="88" branch="false"/>
            <line number="107" hits="88" branch="false"/>
            <line number="108" hits="88" branch="false"/>
            <line number="109" hits="88" branch="false"/>
            <line number="110" hits="88" branch="false"/>
            <line number="111" hits="88" branch="false"/>
            <line number="115" hits="194" branch="false"/>
            <line number="116" hits="106" branch="false"/>
            <line number="117" hits="106" branch="false"/>
            <line number="118" hits="106" branch="false"/>
            <line number="119" hits="106" branch="false"/>
            <line number="121" hits="106" branch="false"/>
            <line number="122" hits="106" branch="false"/>
            <line number="123" hits="106" branch="false"/>
            <line number="127" hits="194" branch="false"/>
            <line number="128" hits="194" branch="false"/>
            <line number="129" hits="194" branch="false"/>
            <line number="132" hits="194" branch="false"/>
            <line number="133" hits="194" branch="false"/>
[...]
                <line number="237" hits="0" branch="false"/>
                <line number="240" hits="0" branch="false"/>
                <line number="241" hits="0" branch="false"/>
                <line number="243" hits="0" branch="false"/>
                <line number="244" hits="0" branch="false"/>
                <line number="246" hits="0" branch="false"/>
                <line number="247" hits="0" branch="false"/>
                <line number="248" hits="0" branch="false"/>
                <line number="249" hits="0" branch="false"/>
                <line number="250" hits="0" branch="false"/>
                <line number="251" hits="0" branch="false"/>
                <line number="252" hits="0" branch="false"/>
                <line number="254" hits="0" branch="false"/>
                <line number="257" hits="0" branch="false"/>
                <line number="258" hits="0" branch="false"/>
                <line number="259" hits="0" branch="false"/>
                <line number="260" hits="0" branch="false"/>
                <line number="261" hits="0" branch="false"/>
                <line number="263" hits="0" branch="false"/>
                <line number="264" hits="0" branch="false"/>
                <line number="265" hits="0" branch="false"/>
                <line number="266" hits="0" branch="false"/>
                <line number="269" hits="0" branch="false"/>
                <line number="270" hits="0" branch="false"/>
                <line number="271" hits="0" branch="false"/>
                <line number="272" hits="0" branch="false"/>
                <line number="275" hits="0" branch="false"/>
                <line number="276" hits="0" branch="false"/>
                <line number="277" hits="0" branch="false"/>
                <line number="278" hits="0" branch="false"/>
                <line number="281" hits="0" branch="false"/>
                <line number="282" hits="0" branch="false"/>
                <line number="284" hits="0" branch="false"/>
                <line number="285" hits="0" branch="false"/>
                <line number="287" hits="0" branch="false"/>
                <line number="292" hits="0" branch="false"/>
                <line number="293" hits="0" branch="false"/>
                <line number="294" hits="0" branch="false"/>
                <line number="295" hits="0" branch="false"/>
                <line number="299" hits="0" branch="false"/>
                <line number="300" hits="0" branch="false"/>
                <line number="304" hits="0" branch="false"/>
                <line number="54" hits="0" branch="false"/>
                <line number="55" hits="0" branch="false"/>
                <line number="56" hits="0" branch="false"/>
                <line number="57" hits="0" branch="false"/>
                <line number="58" hits="0" branch="false"/>
                <line number="59" hits="0" branch="false"/>
                <line number="60" hits="0" branch="false"/>
                <line number="61" hits="0" branch="false"/>
                <line number="62" hits="0" branch="false"/>
                <line number="63" hits="0" branch="false"/>
                <line number="64" hits="0" branch="false"/>
                <line number="66" hits="0" branch="false"/>
                <line number="67" hits="0" branch="false"/>
                <line number="68" hits="0" branch="false"/>
                <line number="69" hits="0" branch="false"/>
                <line number="70" hits="0" branch="false"/>
                <line number="71" hits="0" branch="false"/>
                <line number="72" hits="0" branch="false"/>
                <line number="73" hits="0" branch="false"/>
                <line number="85" hits="16" branch="false"/>
                <line number="86" hits="16" branch="false"/>
                <line number="87" hits="16" branch="false"/>
                <line number="88" hits="16" branch="false"/>
                <line number="89" hits="16" branch="false"/>
                <line number="99" hits="0" branch="false"/>
              </lines>
            </method>
          </methods>
          <lines>
            <line number="54" hits="0" branch="false"/>
            <line number="55" hits="0" branch="false"/>
            <line number="56" hits="0" branch="false"/>
            <line number="57" hits="0" branch="false"/>
            <line number="58" hits="0" branch="false"/>
            <line number="59" hits="0" branch="false"/>
            <line number="60" hits="0" branch="false"/>
            <line number="61" hits="0" branch="false"/>
            <line number="62" hits="0" branch="false"/>
            <line number="63" hits="0" branch="false"/>
            <line number="64" hits="0" branch="false"/>
            <line number="66" hits="0" branch="false"/>
            <line number="67" hits="0" branch="false"/>
            <line number="68" hits="0" branch="false"/>
            <line number="69" hits="0" branch="false"/>
            <line number="70" hits="0" branch="false"/>
            <line number="71" hits="0" branch="false"/>
            <line number="72" hits="0" branch="false"/>
            <line number="73" hits="0" branch="false"/>
            <line number="85" hits="16" branch="false"/>
            <line number="86" hits="16" branch="false"/>
            <line number="87" hits="16" branch="false"/>
            <line number="88" hits="16" branch="false"/>
            <line number="89" hits="16" branch="false"/>
            <line number="99" hits="0" branch="false"/>
          </lines>
        </class>
        <class name="simvar_class.R" filename="R/simvar_class.R" line-rate="0.833333333333333" branch-rate="0" complexity="0">
          <methods>
            <method name="cont_var" signature="" line-rate="1" branch-rate="0">
              <lines>
                <line number="51" hits="13" branch="false"/>
                <line number="52" hits="12" branch="false"/>
                <line number="53" hits="11" branch="false"/>
                <line number="54" hits="11" branch="false"/>
                <line number="55" hits="11" branch="false"/>
                <line number="56" hits="11" branch="false"/>
                <line number="57" hits="11" branch="false"/>
                <line number="58" hits="11" branch="false"/>
              </lines>
            </method>
            <method name="SimVarCont" signature="" line-rate="0" branch-rate="0">
              <lines>
                <line number="65" hits="0" branch="false"/>
                <line number="66" hits="0" branch="false"/>
              </lines>
            </method>
            <method name="bin_var" signature="" line-rate="1" branch-rate="0">
              <lines>
                <line number="147" hits="23" branch="false"/>
                <line number="148" hits="23" branch="false"/>
                <line number="149" hits="22" branch="false"/>
                <line number="150" hits="22" branch="false"/>
                <line number="151" hits="22" branch="false"/>
                <line number="152" hits="22" branch="false"/>
                <line number="153" hits="22" branch="false"/>
                <line number="154" hits="22" branch="false"/>
                <line number="155" hits="22" branch="false"/>
                <line number="156" hits="22" branch="false"/>
                <line number="157" hits="22" branch="false"/>
                <line number="158" hits="22" branch="false"/>
              </lines>
            </method>
            <method name="SimVarBin" signature="" line-rate="0" branch-rate="0">
              <lines>
                <line number="165" hits="0" branch="false"/>
                <line number="166" hits="0" branch="false"/>
              </lines>
            </method>
          </methods>
          <lines>
            <line number="51" hits="13" branch="false"/>
            <line number="52" hits="12" branch="false"/>
            <line number="53" hits="11" branch="false"/>
            <line number="54" hits="11" branch="false"/>
            <line number="55" hits="11" branch="false"/>
            <line number="56" hits="11" branch="false"/>
            <line number="57" hits="11" branch="false"/>
            <line number="58" hits="11" branch="false"/>
            <line number="65" hits="0" branch="false"/>
            <line number="66" hits="0" branch="false"/>
            <line number="147" hits="23" branch="false"/>
            <line number="148" hits="23" branch="false"/>
            <line number="149" hits="22" branch="false"/>
            <line number="150" hits="22" branch="false"/>
            <line number="151" hits="22" branch="false"/>
            <line number="152" hits="22" branch="false"/>
            <line number="153" hits="22" branch="false"/>
            <line number="154" hits="22" branch="false"/>
            <line number="155" hits="22" branch="false"/>
            <line number="156" hits="22" branch="false"/>
            <line number="157" hits="22" branch="false"/>
            <line number="158" hits="22" branch="false"/>
            <line number="165" hits="0" branch="false"/>
            <line number="166" hits="0" branch="false"/>
          </lines>
        </class>
        <class name="treatment_class.R" filename="R/treatment_class.R" line-rate="0.2" branch-rate="0" complexity="0">
          <methods>
            <method name="Treatment" signature="" line-rate="0.2" branch-rate="0">
              <lines>
                <line number="33" hits="0" branch="false"/>
                <line number="34" hits="0" branch="false"/>
                <line number="35" hits="0" branch="false"/>
                <line number="36" hits="0" branch="false"/>
                <line number="52" hits="245" branch="false"/>
              </lines>
            </method>
          </methods>
          <lines>
            <line number="33" hits="0" branch="false"/>
            <line number="34" hits="0" branch="false"/>
            <line number="35" hits="0" branch="false"/>
            <line number="36" hits="0" branch="false"/>
            <line number="52" hits="245" branch="false"/>
          </lines>
        </class>
        <class name="treatment_details.R" filename="R/treatment_details.R" line-rate="1" branch-rate="0" complexity="0">
          <methods>
            <method name="treatment_details" signature="" line-rate="1" branch-rate="0">
              <lines>
                <line number="28" hits="66" branch="false"/>
                <line number="29" hits="65" branch="false"/>
                <line number="31" hits="64" branch="false"/>
                <line number="32" hits="64" branch="false"/>
                <line number="33" hits="64" branch="false"/>
                <line number="34" hits="64" branch="false"/>
              </lines>
            </method>
          </methods>
          <lines>
            <line number="28" hits="66" branch="false"/>
            <line number="29" hits="65" branch="false"/>
            <line number="31" hits="64" branch="false"/>
            <line number="32" hits="64" branch="false"/>
            <line number="33" hits="64" branch="false"/>
            <line number="34" hits="64" branch="false"/>
          </lines>
        </class>
        <class name="trim_data_matrix.R" filename="R/trim_data_matrix.R" line-rate="1" branch-rate="0" complexity="0">
          <methods>
            <method name="trim_data_matrix" signature="" line-rate="1" branch-rate="0">
              <lines>
                <line number="38" hits="9" branch="false"/>
                <line number="39" hits="1" branch="false"/>
                <line number="40" hits="9" branch="false"/>
                <line number="41" hits="8" branch="false"/>
                <line number="42" hits="9" branch="false"/>
                <line number="44" hits="9" branch="false"/>
                <line number="45" hits="3" branch="false"/>
                <line number="46" hits="9" branch="false"/>
                <line number="47" hits="6" branch="false"/>
                <line number="48" hits="9" branch="false"/>
                <line number="50" hits="9" branch="false"/>
              </lines>
            </method>
          </methods>
          <lines>
            <line number="38" hits="9" branch="false"/>
            <line number="39" hits="1" branch="false"/>
            <line number="40" hits="9" branch="false"/>
            <line number="41" hits="8" branch="false"/>
            <line number="42" hits="9" branch="false"/>
            <line number="44" hits="9" branch="false"/>
            <line number="45" hits="3" branch="false"/>
            <line number="46" hits="9" branch="false"/>
            <line number="47" hits="6" branch="false"/>
            <line number="48" hits="9" branch="false"/>
            <line number="50" hits="9" branch="false"/>
          </lines>
        </class>
        <class name="uniform_prior.R" filename="R/uniform_prior.R" line-rate="1" branch-rate="0" complexity="0">
          <methods>
            <method name="uniform_prior" signature="" line-rate="1" branch-rate="0">
              <lines>
                <line number="51" hits="5" branch="false"/>
                <line number="52" hits="5" branch="false"/>
              </lines>
            </method>
            <method name="UniformPrior" signature="" line-rate="1" branch-rate="0">
              <lines>
                <line number="61" hits="1" branch="false"/>
                <line number="62" hits="1" branch="false"/>
                <line number="63" hits="1" branch="false"/>
                <line number="64" hits="1" branch="false"/>
                <line number="65" hits="1" branch="false"/>
                <line number="66" hits="1" branch="false"/>
                <line number="67" hits="1" branch="false"/>
                <line number="68" hits="1" branch="false"/>
                <line number="69" hits="1" branch="false"/>
                <line number="70" hits="1" branch="false"/>
                <line number="71" hits="1" branch="false"/>
              </lines>
            </method>
            <method name="UniformPrior#missing" signature="" line-rate="1" branch-rate="0">
              <lines>
                <line number="83" hits="1" branch="false"/>
                <line number="84" hits="1" branch="false"/>
                <line number="85" hits="1" branch="false"/>
                <line number="86" hits="1" branch="false"/>
              </lines>
            </method>
          </methods>
          <lines>
            <line number="51" hits="5" branch="false"/>
            <line number="52" hits="5" branch="false"/>
            <line number="61" hits="1" branch="false"/>
            <line number="62" hits="1" branch="false"/>
            <line number="63" hits="1" branch="false"/>
            <line number="64" hits="1" branch="false"/>
            <line number="65" hits="1" branch="false"/>
            <line number="66" hits="1" branch="false"/>
            <line number="67" hits="1" branch="false"/>
            <line number="68" hits="1" branch="false"/>
            <line number="69" hits="1" branch="false"/>
            <line number="70" hits="1" branch="false"/>
            <line number="71" hits="1" branch="false"/>
            <line number="83" hits="1" branch="false"/>
            <line number="84" hits="1" branch="false"/>
            <line number="85" hits="1" branch="false"/>
            <line number="86" hits="1" branch="false"/>
          </lines>
        </class>
        <class name="weib_ph_surv_dist.R" filename="R/weib_ph_surv_dist.R" line-rate="1" branch-rate="0" complexity="0">
          <methods>
            <method name="weib_ph_surv_dist" signature="" line-rate="1" branch-rate="0">
              <lines>
                <line number="102" hits="22" branch="false"/>
                <line number="103" hits="22" branch="false"/>
                <line number="104" hits="21" branch="false"/>
                <line number="105" hits="21" branch="false"/>
                <line number="106" hits="21" branch="false"/>
                <line number="107" hits="21" branch="false"/>
                <line number="108" hits="21" branch="false"/>
                <line number="109" hits="21" branch="false"/>
                <line number="110" hits="21" branch="false"/>
                <line number="111" hits="21" branch="false"/>
                <line number="112" hits="21" branch="false"/>
                <line number="113" hits="21" branch="false"/>
              </lines>
            </method>
          </methods>
          <lines>
            <line number="102" hits="22" branch="false"/>
            <line number="103" hits="22" branch="false"/>
            <line number="104" hits="21" branch="false"/>
            <line number="105" hits="21" branch="false"/>
            <line number="106" hits="21" branch="false"/>
            <line number="107" hits="21" branch="false"/>
            <line number="108" hits="21" branch="false"/>
            <line number="109" hits="21" branch="false"/>
            <line number="110" hits="21" branch="false"/>
            <line number="111" hits="21" branch="false"/>
            <line number="112" hits="21" branch="false"/>
            <line number="113" hits="21" branch="false"/>
          </lines>
        </class>
        <class name="zzz.R" filename="R/zzz.R" line-rate="0.0526315789473684" branch-rate="0" complexity="0">
          <methods>
            <method name=".onAttach" signature="" line-rate="0.0526315789473684" branch-rate="0">
              <lines>
                <line number="2" hits="2" branch="false"/>
                <line number="3" hits="0" branch="false"/>
                <line number="4" hits="0" branch="false"/>
                <line number="5" hits="0" branch="false"/>
                <line number="6" hits="0" branch="false"/>
                <line number="7" hits="0" branch="false"/>
                <line number="8" hits="0" branch="false"/>
                <line number="9" hits="0" branch="false"/>
                <line number="10" hits="0" branch="false"/>
                <line number="12" hits="0" branch="false"/>
                <line number="13" hits="0" branch="false"/>
                <line number="14" hits="0" branch="false"/>
                <line number="15" hits="0" branch="false"/>
                <line number="16" hits="0" branch="false"/>
                <line number="17" hits="0" branch="false"/>
                <line number="18" hits="0" branch="false"/>
                <line number="19" hits="0" branch="false"/>
                <line number="20" hits="0" branch="false"/>
                <line number="21" hits="0" branch="false"/>
              </lines>
            </method>
          </methods>
          <lines>
            <line number="2" hits="2" branch="false"/>
            <line number="3" hits="0" branch="false"/>
            <line number="4" hits="0" branch="false"/>
            <line number="5" hits="0" branch="false"/>
            <line number="6" hits="0" branch="false"/>
            <line number="7" hits="0" branch="false"/>
            <line number="8" hits="0" branch="false"/>
            <line number="9" hits="0" branch="false"/>
            <line number="10" hits="0" branch="false"/>
            <line number="12" hits="0" branch="false"/>
            <line number="13" hits="0" branch="false"/>
            <line number="14" hits="0" branch="false"/>
            <line number="15" hits="0" branch="false"/>
            <line number="16" hits="0" branch="false"/>
            <line number="17" hits="0" branch="false"/>
            <line number="18" hits="0" branch="false"/>
            <line number="19" hits="0" branch="false"/>
            <line number="20" hits="0" branch="false"/>
            <line number="21" hits="0" branch="false"/>
          </lines>
        </class>
      </classes>
    </package>
  </packages>
</coverage>
